2026-01-31 18:23:29,061 - INFO - Início da automação
2026-01-31 18:23:29,061 - INFO - Início da geração de relatórios
2026-01-31 18:23:29,061 - ERROR - Erro ao gerar PDF
NoneType: None
2026-01-31 18:24:33,481 - INFO - Início da automação
2026-01-31 18:24:33,482 - INFO - Início da geração de relatórios
2026-01-31 18:24:33,482 - ERROR - Erro ao gerar PDF
NoneType: None
2026-01-31 18:25:32,353 - INFO - Início da automação
2026-01-31 18:25:32,353 - INFO - Início da geração de relatórios
2026-01-31 18:25:32,353 - ERROR - Erro ao gerar PDF
2026-01-31 18:27:09,642 - INFO - Início da automação
2026-01-31 18:27:09,642 - INFO - Início da geração de relatórios
2026-01-31 18:27:09,642 - ERROR - Erro ao gerar PDF
2026-01-31 18:27:51,721 - INFO - Início da automação
2026-01-31 18:27:51,721 - INFO - Início da geração de relatórios
2026-01-31 18:28:58,981 - INFO - Início da geracao de relatorios
2026-01-31 18:29:10,760 - INFO - Inicio da geracao de relatorios
2026-01-31 18:31:39,035 - INFO - Inicio da geracao de relatorios
2026-01-31 18:37:28,723 - INFO - Inicio da geracao de relatorios
2026-01-31 18:49:27,214 - INFO - Inicio da geracao de relatorios
2026-01-31 18:50:15,045 - INFO - Inicio da geracao de relatorios
2026-01-31 18:51:20,506 - INFO - Inicio da geracao de relatorios
